<?xml version="1.0" encoding="UTF-8"?>
<testsuite name="PredicateTest" tests="1" skipped="0" failures="0" errors="0" timestamp="2022-02-09T06:25:11" hostname="EDWIN-MENDEZ" time="22.036">
  <properties/>
  <testcase name="methodTest" classname="PredicateTest" time="22.036"/>
  <system-out><![CDATA[]]></system-out>
  <system-err><![CDATA[]]></system-err>
</testsuite>
