<?xml version="1.0" encoding="UTF-8"?>
<testsuite name="ComposicionFuncionesTest" tests="1" skipped="0" failures="0" errors="0" timestamp="2022-02-10T03:21:36" hostname="EDWIN-MENDEZ" time="0.005">
  <properties/>
  <testcase name="methodTestd" classname="ComposicionFuncionesTest" time="0.005"/>
  <system-out><![CDATA[Operacion Dos -> 5
Operacion Uno -> 6Operacoin Tres -> 18

 324
]]></system-out>
  <system-err><![CDATA[]]></system-err>
</testsuite>
