<?xml version="1.0" encoding="UTF-8"?>
<testsuite name="TypeStreamTest" tests="1" skipped="0" failures="0" errors="0" timestamp="2022-02-11T18:48:21" hostname="EDWIN-MENDEZ" time="0.009">
  <properties/>
  <testcase name="counts" classname="TypeStreamTest" time="0.009"/>
  <system-out><![CDATA[]]></system-out>
  <system-err><![CDATA[]]></system-err>
</testsuite>
